16:57:04 **** Build of configuration Debug for project PA4_retry ****
make all 
Building file: ../src/Customer.cpp
Invoking: GCC C++ Compiler
g++ -O0 -g3 -Wall -c -fmessage-length=0 -MMD -MP -MF"src/Customer.d" -MT"src/Customer.d" -o "src/Customer.o" "../src/Customer.cpp"
Finished building: ../src/Customer.cpp
 
Building file: ../src/Event.cpp
Invoking: GCC C++ Compiler
g++ -O0 -g3 -Wall -c -fmessage-length=0 -MMD -MP -MF"src/Event.d" -MT"src/Event.d" -o "src/Event.o" "../src/Event.cpp"
Finished building: ../src/Event.cpp
 
Building file: ../src/PA4_retry.cpp
Invoking: GCC C++ Compiler
g++ -O0 -g3 -Wall -c -fmessage-length=0 -MMD -MP -MF"src/PA4_retry.d" -MT"src/PA4_retry.d" -o "src/PA4_retry.o" "../src/PA4_retry.cpp"
Finished building: ../src/PA4_retry.cpp
 
Building file: ../src/Teller.cpp
Invoking: GCC C++ Compiler
g++ -O0 -g3 -Wall -c -fmessage-length=0 -MMD -MP -MF"src/Teller.d" -MT"src/Teller.d" -o "src/Teller.o" "../src/Teller.cpp"
Finished building: ../src/Teller.cpp
 
Building target: PA4_retry
Invoking: GCC C++ Linker
g++  -o "PA4_retry"  ./src/Customer.o ./src/Event.o ./src/PA4_retry.o ./src/Teller.o   
Finished building target: PA4_retry
 
16:57:06 **** Incremental Build of configuration Debug for project PA4_retry ****
make all 
make: Nothing to be done for 'all'.
16:57:13 **** Incremental Build of configuration Debug for project PA4_retry ****
make all 
make: Nothing to be done for 'all'.
